<?xml version="1.0" encoding="UTF-8"?>
<!-- Generated by org.testng.reporters.JUnitXMLReporter -->
<testsuite ignored="0" hostname="DESKTOP-OH56QJU" failures="0" tests="4" name="Default test" time="3.821" errors="0" timestamp="2023-03-29T17:47:14 IST">
  <testcase classname="Day1.httpRequests" name="getUsers" time="2.295"/>
  <testcase classname="Day1.httpRequests" name="createUser" time="0.735"/>
  <testcase classname="Day1.httpRequests" name="updateUser" time="0.362"/>
  <testcase classname="Day1.httpRequests" name="deleteUser" time="0.349"/>
</testsuite> <!-- Default test -->
