<?xml version="1.0" encoding="UTF-8"?>
<testng-results ignored="0" total="4" passed="4" failed="0" skipped="0">
  <reporter-output>
  </reporter-output>
  <suite started-at="2023-03-29T17:47:10 IST" name="Default suite" finished-at="2023-03-29T17:47:14 IST" duration-ms="3821">
    <groups>
    </groups>
    <test started-at="2023-03-29T17:47:10 IST" name="Default test" finished-at="2023-03-29T17:47:14 IST" duration-ms="3821">
      <class name="Day1.httpRequests">
        <test-method signature="getUsers()[pri:1, instance:Day1.httpRequests@d9345cd]" started-at="2023-03-29T17:47:10 IST" name="getUsers" finished-at="2023-03-29T17:47:12 IST" duration-ms="2295" status="PASS">
          <reporter-output>
          </reporter-output>
        </test-method> <!-- getUsers -->
        <test-method signature="createUser()[pri:2, instance:Day1.httpRequests@d9345cd]" started-at="2023-03-29T17:47:12 IST" name="createUser" finished-at="2023-03-29T17:47:13 IST" duration-ms="735" status="PASS">
          <reporter-output>
          </reporter-output>
        </test-method> <!-- createUser -->
        <test-method signature="updateUser()[pri:3, instance:Day1.httpRequests@d9345cd]" started-at="2023-03-29T17:47:13 IST" name="updateUser" finished-at="2023-03-29T17:47:13 IST" depends-on-methods="Day1.httpRequests.createUser" duration-ms="362" status="PASS">
          <reporter-output>
          </reporter-output>
        </test-method> <!-- updateUser -->
        <test-method signature="deleteUser()[pri:4, instance:Day1.httpRequests@d9345cd]" started-at="2023-03-29T17:47:13 IST" name="deleteUser" finished-at="2023-03-29T17:47:14 IST" duration-ms="349" status="PASS">
          <reporter-output>
          </reporter-output>
        </test-method> <!-- deleteUser -->
      </class> <!-- Day1.httpRequests -->
    </test> <!-- Default test -->
  </suite> <!-- Default suite -->
</testng-results>
